[19:01:47] [main/INFO]: Logging in with username & password
[19:01:57] [main/INFO]: Setting user: Dcubed33
[19:02:00] [Client thread/INFO]: LWJGL Version: 2.9.1
[19:02:27] [Client thread/INFO]: Reloading ResourceManager: Default, FMLFileResourcePack:Forge Mod Loader, FMLFileResourcePack:Minecraft Forge, FMLFileResourcePack:Shutters
[19:02:29] [Sound Library Loader/INFO]: Sound engine started
[19:02:33] [Client thread/INFO]: Created: 512x256 textures/blocks-atlas
[19:02:33] [Client thread/INFO]: Created: 256x256 textures/items-atlas
[19:02:33] [Client thread/INFO]: Reloading ResourceManager: Default, FMLFileResourcePack:Forge Mod Loader, FMLFileResourcePack:Minecraft Forge, FMLFileResourcePack:Shutters
[19:02:33] [Client thread/INFO]: Created: 512x256 textures/blocks-atlas
[19:02:33] [Client thread/INFO]: Created: 256x256 textures/items-atlas
[19:02:34] [Sound Library Loader/INFO]: Sound engine started
[19:02:42] [Server thread/INFO]: Starting integrated minecraft server version 1.7.10
[19:02:42] [Server thread/INFO]: Generating keypair
[19:02:43] [Server thread/INFO]: Preparing start region for level 0
[19:02:44] [Server thread/INFO]: Changing view distance to 12, from 10
[19:02:44] [Server thread/INFO]: Dcubed33[local:E:f28c7862] logged in with entity id 122 at (-270.67994138051455, 4.0, 798.5987181047881)
[19:02:44] [Server thread/INFO]: Dcubed33 joined the game
[19:03:10] [Server thread/INFO]: Saving and pausing game...
[19:03:10] [Server thread/INFO]: Saving chunks for level 'New World'/Overworld
[19:03:10] [Server thread/INFO]: Saving chunks for level 'New World'/Nether
[19:03:10] [Server thread/INFO]: Saving chunks for level 'New World'/The End
[19:03:11] [Server thread/INFO]: Stopping server
[19:03:11] [Server thread/INFO]: Saving players
[19:03:11] [Server thread/INFO]: Saving worlds
[19:03:11] [Server thread/INFO]: Saving chunks for level 'New World'/Overworld
[19:03:11] [Server thread/INFO]: Saving chunks for level 'New World'/Nether
[19:03:11] [Server thread/INFO]: Saving chunks for level 'New World'/The End
[19:03:12] [Client thread/INFO]: Stopping!
